<?xml version="1.0" encoding="UTF-8"?>
<testsuite name="TestSuite" time="53.323" tests="3" errors="0" skipped="0" failures="2">
  <properties>
[...]
</properties>
  <testcase name="verifyLogin" classname="com.sweety.testcases.VerifyLogin" time="27.496"/>
  <testcase name="verifySubmenus" classname="com.sweety.testcases.VerifySubmenus" time="15.134">
    <failure message="Multiple failures (2):nnFailure 1 of 2:njava.lang.AssertionError: expected [Level Reports] but found [Level Entries]&#10;	at org.testng.Assert.fail(Assert.java:94)&#10;	at org.testng.Assert.failNotEquals(Assert.java:496)&#10;	at org.testng.Assert.assertEquals(Assert.java:125)&#10;	at org.testng.Assert.assertEquals(Assert.java:178)&#10;	at org.testng.Assert.assertEquals(Assert.java:188)&#10;	at com.sweety.util.Keywords.assertEquals(Keywords.java:946)&#10;	at com.sweety.util.Keywords.executeKeywords(Keywords.java:152)&#10;	at com.sweety.testcases.VerifySubmenus.verifySubmenus(VerifySubmenus.java:35)&#10;	at sun.reflect.NativeMethodAccessorImpl.invoke0(Native Method)&#10;	at sun.reflect.NativeMethodAccessorImpl.invoke(NativeMethodAccessorImpl.java:62)&#10;	at sun.reflect.DelegatingMethodAccessorImpl.invoke(DelegatingMethodAccessorImpl.java:43)&#10;	at java.lang.reflect.Method.invoke(Method.java:497)&#10;	at org.testng.internal.MethodInvocationHelper.invokeMethod(MethodInvocationHelper.java:85)&#10;	at org.testng.internal.Invoker.invokeMethod(Invoker.java:659)&#10;	at org.testng.internal.Invoker.invokeTestMethod(Invoker.java:845)&#10;	at org.testng.internal.Invoker.invokeTestMethods(Invoker.java:1153)&#10;	at org.testng.internal.TestMethodWorker.invokeTestMethods(TestMethodWorker.java:125)&#10;	at org.testng.internal.TestMethodWorker.run(TestMethodWorker.java:108)&#10;	at org.testng.TestRunner.privateRun(TestRunner.java:771)&#10;	at org.testng.TestRunner.run(TestRunner.java:621)&#10;	at org.testng.SuiteRunner.runTest(SuiteRunner.java:357)&#10;	at org.testng.SuiteRunner.runSequentially(SuiteRunner.java:352)&#10;	at org.testng.SuiteRunner.privateRun(SuiteRunner.java:310)&#10;	at org.testng.SuiteRunner.run(SuiteRunner.java:259)&#10;	at org.testng.SuiteRunnerWorker.runSuite(SuiteRunnerWorker.java:52)&#10;	at org.testng.SuiteRunnerWorker.run(SuiteRunnerWorker.java:86)&#10;	at org.testng.TestNG.runSuitesSequentially(TestNG.java:1199)&#10;	at org.testng.TestNG.runSuitesLocally(TestNG.java:1124)&#10;	at org.testng.TestNG.run(TestNG.java:1032)&#10;	at org.apache.maven.surefire.testng.TestNGExecutor.run(TestNGExecutor.java:295)&#10;	at org.apache.maven.surefire.testng.TestNGXmlTestSuite.execute(TestNGXmlTestSuite.java:84)&#10;	at org.apache.maven.surefire.testng.TestNGProvider.invoke(TestNGProvider.java:90)&#10;	at org.apache.maven.surefire.booter.ForkedBooter.invokeProviderInSameClassLoader(ForkedBooter.java:203)&#10;	at org.apache.maven.surefire.booter.ForkedBooter.runSuitesInProcess(ForkedBooter.java:155)&#10;	at org.apache.maven.surefire.booter.ForkedBooter.main(ForkedBooter.java:103)&#10;nnFailure 2 of 2:njava.lang.AssertionError: Fail" type="java.lang.Throwable">java.lang.Throwable: Multiple failures (2):nnFailure 1 of 2:njava.lang.AssertionError: expected [Level Reports] but found [Level Entries]
	at org.testng.Assert.fail(Assert.java:94)
	at org.testng.Assert.failNotEquals(Assert.java:496)
	at org.testng.Assert.assertEquals(Assert.java:125)
	at org.testng.Assert.assertEquals(Assert.java:178)
	at org.testng.Assert.assertEquals(Assert.java:188)
	at com.sweety.util.Keywords.assertEquals(Keywords.java:946)
	at com.sweety.util.Keywords.executeKeywords(Keywords.java:152)
	at com.sweety.testcases.VerifySubmenus.verifySubmenus(VerifySubmenus.java:35)
	at sun.reflect.NativeMethodAccessorImpl.invoke0(Native Method)
	at sun.reflect.NativeMethodAccessorImpl.invoke(NativeMethodAccessorImpl.java:62)
	at sun.reflect.DelegatingMethodAccessorImpl.invoke(DelegatingMethodAccessorImpl.java:43)
	at java.lang.reflect.Method.invoke(Method.java:497)
	at org.testng.internal.MethodInvocationHelper.invokeMethod(MethodInvocationHelper.java:85)
	at org.testng.internal.Invoker.invokeMethod(Invoker.java:659)
	at org.testng.internal.Invoker.invokeTestMethod(Invoker.java:845)
	at org.testng.internal.Invoker.invokeTestMethods(Invoker.java:1153)
	at org.testng.internal.TestMethodWorker.invokeTestMethods(TestMethodWorker.java:125)
	at org.testng.internal.TestMethodWorker.run(TestMethodWorker.java:108)
	at org.testng.TestRunner.privateRun(TestRunner.java:771)
	at org.testng.TestRunner.run(TestRunner.java:621)
	at org.testng.SuiteRunner.runTest(SuiteRunner.java:357)
	at org.testng.SuiteRunner.runSequentially(SuiteRunner.java:352)
	at org.testng.SuiteRunner.privateRun(SuiteRunner.java:310)
	at org.testng.SuiteRunner.run(SuiteRunner.java:259)
	at org.testng.SuiteRunnerWorker.runSuite(SuiteRunnerWorker.java:52)
	at org.testng.SuiteRunnerWorker.run(SuiteRunnerWorker.java:86)
	at org.testng.TestNG.runSuitesSequentially(TestNG.java:1199)
	at org.testng.TestNG.runSuitesLocally(TestNG.java:1124)
	at org.testng.TestNG.run(TestNG.java:1032)
	at org.apache.maven.surefire.testng.TestNGExecutor.run(TestNGExecutor.java:295)
	at org.apache.maven.surefire.testng.TestNGXmlTestSuite.execute(TestNGXmlTestSuite.java:84)
	at org.apache.maven.surefire.testng.TestNGProvider.invoke(TestNGProvider.java:90)
	at org.apache.maven.surefire.booter.ForkedBooter.invokeProviderInSameClassLoader(ForkedBooter.java:203)
	at org.apache.maven.surefire.booter.ForkedBooter.runSuitesInProcess(ForkedBooter.java:155)
	at org.apache.maven.surefire.booter.ForkedBooter.main(ForkedBooter.java:103)
nnFailure 2 of 2:njava.lang.AssertionError: Fail
	at org.testng.Assert.fail(Assert.java:94)
	at com.sweety.util.Keywords.executeKeywords(Keywords.java:212)
	at com.sweety.testcases.VerifySubmenus.verifySubmenus(VerifySubmenus.java:35)
</failure>
    <system-out><![CDATA[*************
Test Starts from row -> 5
Total cols in test -> 1
Total rows in test -> 1
Executing - verifySubmenus
verifySubmenus..........openBrowser..................browserType
verifySubmenus..........navigate..................testSiteName
verifySubmenus..........inputfromConfigurations.........loginusername_id.........adminusername
verifySubmenus..........inputfromConfigurations.........loginpassword_id.........adminpassword
verifySubmenus..........click.........loginbutton_name.........
verifySubmenus..........assertEquals.........successfullSignin_xpath.........signinMessage
verifySubmenus..........assertEquals.........LevelsSidemenu_xpath.........Levels_linktext
verifySubmenus..........assertEquals.........ReportsSidemenu_xpath.........Reports_linktext
verifySubmenus..........click.........LevelsSidemenu_xpath.........
verifySubmenus..........assertEquals.........Levelspagetitle_xpath.........Levelspage_Title
verifySubmenus..........click.........ReportsSidemenu_xpath.........
]]></system-out>
  </testcase>
  <testcase name="verifyAddNewlevel" classname="com.sweety.testcases.AddNewlevel" time="10.693">
    <failure message="Multiple failures (2):nnFailure 1 of 2:norg.openqa.selenium.NoSuchElementException: Unable to locate element: {&quot;method&quot;:&quot;id&quot;,&quot;selector&quot;:&quot;user_email&quot;}&#10;Command duration or timeout: 10.51 seconds&#10;For documentation on this error, please visit: http://seleniumhq.org/exceptions/no_such_element.html&#10;Build info: version: &apos;2.46.0&apos;, revision: &apos;61506a4624b13675f24581e453592342b7485d71&apos;, time: &apos;2015-06-04 10:22:50&apos;&#10;System info: host: &apos;tandl-10&apos;, ip: &apos;172.30.66.121&apos;, os.name: &apos;Windows Vista&apos;, os.arch: &apos;x86&apos;, os.version: &apos;6.0&apos;, java.version: &apos;1.8.0_45&apos;&#10;Driver info: org.openqa.selenium.firefox.FirefoxDriver&#10;Capabilities [{applicationCacheEnabled=true, rotatable=false, handlesAlerts=true, databaseEnabled=true, version=39.0.3, platform=WINDOWS, nativeEvents=false, acceptSslCerts=true, webStorageEnabled=true, locationContextEnabled=true, browserName=firefox, takesScreenshot=true, javascriptEnabled=true, cssSelectorsEnabled=true}]&#10;Session ID: a5217a20-df96-4a10-86c4-5efe05809a3a&#10;*** Element info: {Using=id, value=user_email}&#10;	at sun.reflect.NativeConstructorAccessorImpl.newInstance0(Native Method)&#10;	at sun.reflect.NativeConstructorAccessorImpl.newInstance(NativeConstructorAccessorImpl.java:62)&#10;	at sun.reflect.DelegatingConstructorAccessorImpl.newInstance(DelegatingConstructorAccessorImpl.java:45)&#10;	at java.lang.reflect.Constructor.newInstance(Constructor.java:422)&#10;	at org.openqa.selenium.remote.ErrorHandler.createThrowable(ErrorHandler.java:204)&#10;	at org.openqa.selenium.remote.ErrorHandler.throwIfResponseFailed(ErrorHandler.java:156)&#10;	at org.openqa.selenium.remote.RemoteWebDriver.execute(RemoteWebDriver.java:605)&#10;	at org.openqa.selenium.remote.RemoteWebDriver.findElement(RemoteWebDriver.java:358)&#10;	at org.openqa.selenium.remote.RemoteWebDriver.findElementById(RemoteWebDriver.java:399)&#10;	at org.openqa.selenium.By$ById.findElement(By.java:215)&#10;	at org.openqa.selenium.remote.RemoteWebDriver.findElement(RemoteWebDriver.java:350)&#10;	at com.sweety.util.Keywords.inputfromConfigurations(Keywords.java:507)&#10;	at com.sweety.util.Keywords.executeKeywords(Keywords.java:133)&#10;	at com.sweety.testcases.AddNewlevel.verifyAddNewlevel(AddNewlevel.java:35)&#10;	at sun.reflect.NativeMethodAccessorImpl.invoke0(Native Method)&#10;	at sun.reflect.NativeMethodAccessorImpl.invoke(NativeMethodAccessorImpl.java:62)&#10;	at sun.reflect.DelegatingMethodAccessorImpl.invoke(DelegatingMethodAccessorImpl.java:43)&#10;	at java.lang.reflect.Method.invoke(Method.java:497)&#10;	at org.testng.internal.MethodInvocationHelper.invokeMethod(MethodInvocationHelper.java:85)&#10;	at org.testng.internal.Invoker.invokeMethod(Invoker.java:659)&#10;	at org.testng.internal.Invoker.invokeTestMethod(Invoker.java:845)&#10;	at org.testng.internal.Invoker.invokeTestMethods(Invoker.java:1153)&#10;	at org.testng.internal.TestMethodWorker.invokeTestMethods(TestMethodWorker.java:125)&#10;	at org.testng.internal.TestMethodWorker.run(TestMethodWorker.java:108)&#10;	at org.testng.TestRunner.privateRun(TestRunner.java:771)&#10;	at org.testng.TestRunner.run(TestRunner.java:621)&#10;	at org.testng.SuiteRunner.runTest(SuiteRunner.java:357)&#10;	at org.testng.SuiteRunner.runSequentially(SuiteRunner.java:352)&#10;	at org.testng.SuiteRunner.privateRun(SuiteRunner.java:310)&#10;	at org.testng.SuiteRunner.run(SuiteRunner.java:259)&#10;	at org.testng.SuiteRunnerWorker.runSuite(SuiteRunnerWorker.java:52)&#10;	at org.testng.SuiteRunnerWorker.run(SuiteRunnerWorker.java:86)&#10;	at org.testng.TestNG.runSuitesSequentially(TestNG.java:1199)&#10;	at org.testng.TestNG.runSuitesLocally(TestNG.java:1124)&#10;	at org.testng.TestNG.run(TestNG.java:1032)&#10;	at org.apache.maven.surefire.testng.TestNGExecutor.run(TestNGExecutor.java:295)&#10;	at org.apache.maven.surefire.testng.TestNGXmlTestSuite.execute(TestNGXmlTestSuite.java:84)&#10;	at org.apache.maven.surefire.testng.TestNGProvider.invoke(TestNGProvider.java:90)&#10;	at org.apache.maven.surefire.booter.ForkedBooter.invokeProviderInSameClassLoader(ForkedBooter.java:203)&#10;	at org.apache.maven.surefire.booter.ForkedBooter.runSuitesInProcess(ForkedBooter.java:155)&#10;	at org.apache.maven.surefire.booter.ForkedBooter.main(ForkedBooter.java:103)&#10;Caused by: org.openqa.selenium.NoSuchElementException: Unable to locate element: {&quot;method&quot;:&quot;id&quot;,&quot;selector&quot;:&quot;user_email&quot;}&#10;For documentation on this error, please visit: http://seleniumhq.org/exceptions/no_such_element.html&#10;Build info: version: &apos;2.46.0&apos;, revision: &apos;61506a4624b13675f24581e453592342b7485d71&apos;, time: &apos;2015-06-04 10:22:50&apos;&#10;System info: host: &apos;tandl-10&apos;, ip: &apos;172.30.66.121&apos;, os.name: &apos;Windows Vista&apos;, os.arch: &apos;x86&apos;, os.version: &apos;6.0&apos;, java.version: &apos;1.8.0_45&apos;&#10;Driver info: driver.version: unknown&#10;	at &lt;anonymous class&gt;.FirefoxDriver.prototype.findElementInternal_(file:///C:/Users/avudurir/AppData/Local/Temp/anonymous304712639131523172webdriver-profile/extensions/fxdriver@googlecode.com/components/driver-component.js:10299)&#10;	at &lt;anonymous class&gt;.fxdriver.Timer.prototype.setTimeout/&lt;.notify(file:///C:/Users/avudurir/AppData/Local/Temp/anonymous304712639131523172webdriver-profile/extensions/fxdriver@googlecode.com/components/driver-component.js:603)&#10;nnFailure 2 of 2:njava.lang.AssertionError: Fail" type="java.lang.Throwable"><![CDATA[java.lang.Throwable: Multiple failures (2):nnFailure 1 of 2:norg.openqa.selenium.NoSuchElementException: Unable to locate element: {"method":"id","selector":"user_email"}
Command duration or timeout: 10.51 seconds
For documentation on this error, please visit: http://seleniumhq.org/exceptions/no_such_element.html
Build info: version: '2.46.0', revision: '61506a4624b13675f24581e453592342b7485d71', time: '2015-06-04 10:22:50'
System info: host: 'tandl-10', ip: '172.30.66.121', os.name: 'Windows Vista', os.arch: 'x86', os.version: '6.0', java.version: '1.8.0_45'
Driver info: org.openqa.selenium.firefox.FirefoxDriver
Capabilities [{applicationCacheEnabled=true, rotatable=false, handlesAlerts=true, databaseEnabled=true, version=39.0.3, platform=WINDOWS, nativeEvents=false, acceptSslCerts=true, webStorageEnabled=true, locationContextEnabled=true, browserName=firefox, takesScreenshot=true, javascriptEnabled=true, cssSelectorsEnabled=true}]
Session ID: a5217a20-df96-4a10-86c4-5efe05809a3a
*** Element info: {Using=id, value=user_email}
	at sun.reflect.NativeConstructorAccessorImpl.newInstance0(Native Method)
	at sun.reflect.NativeConstructorAccessorImpl.newInstance(NativeConstructorAccessorImpl.java:62)
	at sun.reflect.DelegatingConstructorAccessorImpl.newInstance(DelegatingConstructorAccessorImpl.java:45)
	at java.lang.reflect.Constructor.newInstance(Constructor.java:422)
	at org.openqa.selenium.remote.ErrorHandler.createThrowable(ErrorHandler.java:204)
	at org.openqa.selenium.remote.ErrorHandler.throwIfResponseFailed(ErrorHandler.java:156)
	at org.openqa.selenium.remote.RemoteWebDriver.execute(RemoteWebDriver.java:605)
	at org.openqa.selenium.remote.RemoteWebDriver.findElement(RemoteWebDriver.java:358)
	at org.openqa.selenium.remote.RemoteWebDriver.findElementById(RemoteWebDriver.java:399)
	at org.openqa.selenium.By$ById.findElement(By.java:215)
	at org.openqa.selenium.remote.RemoteWebDriver.findElement(RemoteWebDriver.java:350)
	at com.sweety.util.Keywords.inputfromConfigurations(Keywords.java:507)
	at com.sweety.util.Keywords.executeKeywords(Keywords.java:133)
	at com.sweety.testcases.AddNewlevel.verifyAddNewlevel(AddNewlevel.java:35)
	at sun.reflect.NativeMethodAccessorImpl.invoke0(Native Method)
	at sun.reflect.NativeMethodAccessorImpl.invoke(NativeMethodAccessorImpl.java:62)
	at sun.reflect.DelegatingMethodAccessorImpl.invoke(DelegatingMethodAccessorImpl.java:43)
	at java.lang.reflect.Method.invoke(Method.java:497)
	at org.testng.internal.MethodInvocationHelper.invokeMethod(MethodInvocationHelper.java:85)
	at org.testng.internal.Invoker.invokeMethod(Invoker.java:659)
	at org.testng.internal.Invoker.invokeTestMethod(Invoker.java:845)
	at org.testng.internal.Invoker.invokeTestMethods(Invoker.java:1153)
	at org.testng.internal.TestMethodWorker.invokeTestMethods(TestMethodWorker.java:125)
	at org.testng.internal.TestMethodWorker.run(TestMethodWorker.java:108)
	at org.testng.TestRunner.privateRun(TestRunner.java:771)
	at org.testng.TestRunner.run(TestRunner.java:621)
	at org.testng.SuiteRunner.runTest(SuiteRunner.java:357)
	at org.testng.SuiteRunner.runSequentially(SuiteRunner.java:352)
	at org.testng.SuiteRunner.privateRun(SuiteRunner.java:310)
	at org.testng.SuiteRunner.run(SuiteRunner.java:259)
	at org.testng.SuiteRunnerWorker.runSuite(SuiteRunnerWorker.java:52)
	at org.testng.SuiteRunnerWorker.run(SuiteRunnerWorker.java:86)
	at org.testng.TestNG.runSuitesSequentially(TestNG.java:1199)
	at org.testng.TestNG.runSuitesLocally(TestNG.java:1124)
	at org.testng.TestNG.run(TestNG.java:1032)
	at org.apache.maven.surefire.testng.TestNGExecutor.run(TestNGExecutor.java:295)
	at org.apache.maven.surefire.testng.TestNGXmlTestSuite.execute(TestNGXmlTestSuite.java:84)
	at org.apache.maven.surefire.testng.TestNGProvider.invoke(TestNGProvider.java:90)
	at org.apache.maven.surefire.booter.ForkedBooter.invokeProviderInSameClassLoader(ForkedBooter.java:203)
	at org.apache.maven.surefire.booter.ForkedBooter.runSuitesInProcess(ForkedBooter.java:155)
	at org.apache.maven.surefire.booter.ForkedBooter.main(ForkedBooter.java:103)
Caused by: org.openqa.selenium.NoSuchElementException: Unable to locate element: {"method":"id","selector":"user_email"}
For documentation on this error, please visit: http://seleniumhq.org/exceptions/no_such_element.html
Build info: version: '2.46.0', revision: '61506a4624b13675f24581e453592342b7485d71', time: '2015-06-04 10:22:50'
System info: host: 'tandl-10', ip: '172.30.66.121', os.name: 'Windows Vista', os.arch: 'x86', os.version: '6.0', java.version: '1.8.0_45'
Driver info: driver.version: unknown
	at <anonymous class>.FirefoxDriver.prototype.findElementInternal_(file:///C:/Users/avudurir/AppData/Local/Temp/anonymous304712639131523172webdriver-profile/extensions/fxdriver@googlecode.com/components/driver-component.js:10299)
	at <anonymous class>.fxdriver.Timer.prototype.setTimeout/<.notify(file:///C:/Users/avudurir/AppData/Local/Temp/anonymous304712639131523172webdriver-profile/extensions/fxdriver@googlecode.com/components/driver-component.js:603)
nnFailure 2 of 2:njava.lang.AssertionError: Fail
	at org.testng.Assert.fail(Assert.java:94)
	at com.sweety.util.Keywords.executeKeywords(Keywords.java:212)
	at com.sweety.testcases.AddNewlevel.verifyAddNewlevel(AddNewlevel.java:35)
]]></failure>
    <system-out><![CDATA[*************
Test Starts from row -> 9
Total cols in test -> 7
Total rows in test -> 1
Executing - verifyAddNewlevel
verifyAddNewlevel..........openBrowser..................browserType
verifyAddNewlevel..........navigate..................testSiteName
]]></system-out>
  </testcase>
</testsuite>